<?xml version="1.0" encoding="UTF-8"?>
<testsuite xmlns:xsi="http://www.w3.org/2001/XMLSchema-instance" xsi:noNamespaceSchemaLocation="https://maven.apache.org/surefire/maven-surefire-plugin/xsd/surefire-test-report-3.0.xsd" version="3.0" name="bike.rapido.parkinglot.ParkingLotTest" time="0.059" tests="9" errors="0" skipped="0" failures="0">
  <properties>
    <property name="java.specification.version" value="18"/>
    <property name="sun.jnu.encoding" value="UTF-8"/>
    <property name="java.class.path" value="/Users/rapido/Desktop/Rapido/2_Week_Training/ParkingLotPairChanged/target/test-classes:/Users/rapido/Desktop/Rapido/2_Week_Training/ParkingLotPairChanged/target/classes:/Users/rapido/.m2/repository/junit/junit/4.12/junit-4.12.jar:/Users/rapido/.m2/repository/org/hamcrest/hamcrest-core/1.3/hamcrest-core-1.3.jar:"/>
    <property name="java.vm.vendor" value="Homebrew"/>
    <property name="sun.arch.data.model" value="64"/>
    <property name="java.vendor.url" value="https://github.com/Homebrew/homebrew-core/issues"/>
    <property name="os.name" value="Mac OS X"/>
    <property name="java.vm.specification.version" value="18"/>
    <property name="sun.java.launcher" value="SUN_STANDARD"/>
    <property name="user.country" value="GB"/>
    <property name="sun.boot.library.path" value="/usr/local/Cellar/openjdk/18.0.2/libexec/openjdk.jdk/Contents/Home/lib"/>
    <property name="sun.java.command" value="/Users/rapido/Desktop/Rapido/2_Week_Training/ParkingLotPairChanged/target/surefire/surefirebooter-20220803214247675_3.jar /Users/rapido/Desktop/Rapido/2_Week_Training/ParkingLotPairChanged/target/surefire 2022-08-03T21-42-47_418-jvmRun1 surefire-20220803214247675_1tmp surefire_0-20220803214247675_2tmp"/>
    <property name="http.nonProxyHosts" value="local|*.local|169.254/16|*.169.254/16"/>
    <property name="jdk.debug" value="release"/>
    <property name="surefire.test.class.path" value="/Users/rapido/Desktop/Rapido/2_Week_Training/ParkingLotPairChanged/target/test-classes:/Users/rapido/Desktop/Rapido/2_Week_Training/ParkingLotPairChanged/target/classes:/Users/rapido/.m2/repository/junit/junit/4.12/junit-4.12.jar:/Users/rapido/.m2/repository/org/hamcrest/hamcrest-core/1.3/hamcrest-core-1.3.jar:"/>
    <property name="sun.cpu.endian" value="little"/>
    <property name="user.home" value="/Users/rapido"/>
    <property name="user.language" value="en"/>
    <property name="java.specification.vendor" value="Oracle Corporation"/>
    <property name="java.version.date" value="2022-07-19"/>
    <property name="java.home" value="/usr/local/Cellar/openjdk/18.0.2/libexec/openjdk.jdk/Contents/Home"/>
    <property name="file.separator" value="/"/>
    <property name="basedir" value="/Users/rapido/Desktop/Rapido/2_Week_Training/ParkingLotPairChanged"/>
    <property name="java.vm.compressedOopsMode" value="Zero based"/>
    <property name="line.separator" value="&#10;"/>
    <property name="java.vm.specification.vendor" value="Oracle Corporation"/>
    <property name="java.specification.name" value="Java Platform API Specification"/>
    <property name="apple.awt.application.name" value="ForkedBooter"/>
    <property name="surefire.real.class.path" value="/Users/rapido/Desktop/Rapido/2_Week_Training/ParkingLotPairChanged/target/surefire/surefirebooter-20220803214247675_3.jar"/>
    <property name="sun.management.compiler" value="HotSpot 64-Bit Tiered Compilers"/>
    <property name="ftp.nonProxyHosts" value="local|*.local|169.254/16|*.169.254/16"/>
    <property name="java.runtime.version" value="18.0.2+0"/>
    <property name="user.name" value="rapido"/>
    <property name="path.separator" value=":"/>
    <property name="os.version" value="12.5"/>
    <property name="java.runtime.name" value="OpenJDK Runtime Environment"/>
    <property name="file.encoding" value="UTF-8"/>
    <property name="java.vm.name" value="OpenJDK 64-Bit Server VM"/>
    <property name="java.vendor.version" value="Homebrew"/>
    <property name="localRepository" value="/Users/rapido/.m2/repository"/>
    <property name="java.vendor.url.bug" value="https://github.com/Homebrew/homebrew-core/issues"/>
    <property name="java.io.tmpdir" value="/var/folders/64/rmtrmt3s49q1d122f30wbs340000gn/T/"/>
    <property name="java.version" value="18.0.2"/>
    <property name="user.dir" value="/Users/rapido/Desktop/Rapido/2_Week_Training/ParkingLotPairChanged"/>
    <property name="os.arch" value="x86_64"/>
    <property name="java.vm.specification.name" value="Java Virtual Machine Specification"/>
    <property name="native.encoding" value="UTF-8"/>
    <property name="java.library.path" value="/Users/rapido/Library/Java/Extensions:/Library/Java/Extensions:/Network/Library/Java/Extensions:/System/Library/Java/Extensions:/usr/lib/java:."/>
    <property name="java.vm.info" value="mixed mode, sharing"/>
    <property name="java.vendor" value="Homebrew"/>
    <property name="java.vm.version" value="18.0.2+0"/>
    <property name="sun.io.unicode.encoding" value="UnicodeBig"/>
    <property name="socksNonProxyHosts" value="local|*.local|169.254/16|*.169.254/16"/>
    <property name="java.class.version" value="62.0"/>
  </properties>
  <testcase name="shouldNotNotifyAirportSecurityPersonalIfParkingLotIsNotFull" classname="bike.rapido.parkinglot.ParkingLotTest" time="0.004"/>
  <testcase name="shouldNotAllowDriverToParkIfAvailableSlotsAre0" classname="bike.rapido.parkinglot.ParkingLotTest" time="0.002"/>
  <testcase name="shouldAllowDriverToUnParkCar" classname="bike.rapido.parkinglot.ParkingLotTest" time="0.001"/>
  <testcase name="shouldAllowDriverToParkIfAvailableSlotsAreMoreThan1" classname="bike.rapido.parkinglot.ParkingLotTest" time="0"/>
  <testcase name="shouldNotNotifyOwnerIfParkingLotIsNotFull" classname="bike.rapido.parkinglot.ParkingLotTest" time="0.001"/>
  <testcase name="shouldNotifyOwnerIfParkingLotIsFull" classname="bike.rapido.parkinglot.ParkingLotTest" time="0"/>
  <testcase name="shouldNotAllowDriverToUnParkFromEmptyParkingSpace" classname="bike.rapido.parkinglot.ParkingLotTest" time="0"/>
  <testcase name="shouldNotifyOwnerIfParkingLotHasSpaceAgain" classname="bike.rapido.parkinglot.ParkingLotTest" time="0.002">
    <system-out><![CDATA[bike.rapido.parkinglot.ParkingLotOwner@59f99ea
]]></system-out>
  </testcase>
  <testcase name="shouldNotifyAirportSecurityPersonalIfParkingLotIsFull" classname="bike.rapido.parkinglot.ParkingLotTest" time="0"/>
</testsuite>